	Exporter version: 4.6.1, Blender version: 2.78 (sub 0)
========= Conversion from Blender to Babylon.js =========
	Scene settings used:
		selected layers only:  false
		flat shading entire scene:  false
		inline textures:  false
		texture directory:  D:\Pelajaran\Computer Graphics\Project\Computer Graphic Project\Assets\
	Python World class constructor completed
	processing begun of mesh:  Head
		processing begun of Standard material:  cINZA
		processing begun of Standard material:  PRETA
		processing begun of multimaterial:  char.Multimaterial#0
		num positions      :  1716
		num normals        :  1716
		num uvs            :  0
		num uvs2           :  0
		num colors         :  0
		num indices        :  9420
	processing begun of camera (FreeCamera):  Camera
	processing begun of light (POINT):  Lamp
========= Writing of scene file started =========
========= Writing of scene file completed =========
========= end of processing =========
elapsed time:  0 min, 0.1338 secs
