	Exporter version: 4.6.1, Blender version: 2.78 (sub 0)
========= Conversion from Blender to Babylon.js =========
	Scene settings used:
		selected layers only:  false
		flat shading entire scene:  false
		inline textures:  false
		texture directory:  D:\Pelajaran\Computer Graphics\Project\Computer Graphic Project\Assets\
	Python World class constructor completed
	processing begun of camera (FreeCamera):  Camera
	processing begun of mesh:  Cone.001
		WARNING: No materials have been assigned: 
		num positions      :  548
		num normals        :  548
		num uvs            :  0
		num uvs2           :  0
		num colors         :  0
		num indices        :  3252
	processing begun of light (POINT):  Lamp
========= Writing of scene file started =========
========= Writing of scene file completed =========
========= end of processing =========
elapsed time:  0 min, 0.0516 secs
